media/libraries/exoplayer_workmanager/buildout/outputs/logs/manifest-merger-release-report.txt
-- Merging decision tree log ---
manifest
ADDED from src\main\AndroidManifest.xml:18:1-20:12
INJECTED from src\main\AndroidManifest.xml:18:1-20:12
	package
		ADDED from src\main\AndroidManifest.xml:18:11-58
		INJECTED from src\main\AndroidManifest.xml
uses-sdk
ADDED from src\main\AndroidManifest.xml:19:3-15
INJECTED from src\main\AndroidManifest.xml:19:3-15
INJECTED from src\main\AndroidManifest.xml:19:3-15
	android:targetSdkVersion
		INJECTED from src\main\AndroidManifest.xml
	android:minSdkVersion
		INJECTED from src\main\AndroidManifest.xml